31-Jan-2025 00:28:13.757 INFO [main] java.lang.reflect.Method.invoke Server version name:   Apache Tomcat (TomEE)/10.1.34 (10.0.0)
31-Jan-2025 00:28:13.758 INFO [main] java.lang.reflect.Method.invoke Server built:          Dec 5 2024 16:01:16 UTC
31-Jan-2025 00:28:13.758 INFO [main] java.lang.reflect.Method.invoke Server version number: 10.1.34.0
31-Jan-2025 00:28:13.758 INFO [main] java.lang.reflect.Method.invoke OS Name:               Windows 10
31-Jan-2025 00:28:13.758 INFO [main] java.lang.reflect.Method.invoke OS Version:            10.0
31-Jan-2025 00:28:13.758 INFO [main] java.lang.reflect.Method.invoke Architecture:          amd64
31-Jan-2025 00:28:13.758 INFO [main] java.lang.reflect.Method.invoke Java Home:             C:\Program Files\Java\jdk-23
31-Jan-2025 00:28:13.758 INFO [main] java.lang.reflect.Method.invoke JVM Version:           23.0.2+7-58
31-Jan-2025 00:28:13.759 INFO [main] java.lang.reflect.Method.invoke JVM Vendor:            Oracle Corporation
31-Jan-2025 00:28:13.759 INFO [main] java.lang.reflect.Method.invoke CATALINA_BASE:         C:\Users\Esquilages\telajsf\meu-projeto-jsf\target\apache-tomee
31-Jan-2025 00:28:13.759 INFO [main] java.lang.reflect.Method.invoke CATALINA_HOME:         C:\Users\Esquilages\telajsf\meu-projeto-jsf\target\apache-tomee
31-Jan-2025 00:28:13.771 INFO [main] java.lang.reflect.Method.invoke Command line argument: -XX:+HeapDumpOnOutOfMemoryError
31-Jan-2025 00:28:13.771 INFO [main] java.lang.reflect.Method.invoke Command line argument: -Dorg.apache.catalina.STRICT_SERVLET_COMPLIANCE=false
31-Jan-2025 00:28:13.771 INFO [main] java.lang.reflect.Method.invoke Command line argument: -Dopenejb.session.manager=org.apache.tomee.catalina.session.QuickSessionManager
31-Jan-2025 00:28:13.771 INFO [main] java.lang.reflect.Method.invoke Command line argument: -Dtomee.remote.support=true
31-Jan-2025 00:28:13.771 INFO [main] java.lang.reflect.Method.invoke Command line argument: -Dopenejb.system.apps=false
31-Jan-2025 00:28:13.771 INFO [main] java.lang.reflect.Method.invoke Command line argument: -Dtomee.jsp-development=true
31-Jan-2025 00:28:13.772 INFO [main] java.lang.reflect.Method.invoke Command line argument: -Djava.util.logging.config.file=C:\Users\Esquilages\telajsf\meu-projeto-jsf\target\apache-tomee\conf\logging.properties
31-Jan-2025 00:28:13.772 INFO [main] java.lang.reflect.Method.invoke Command line argument: -javaagent:C:\Users\Esquilages\telajsf\meu-projeto-jsf\target\apache-tomee\lib\openejb-javaagent.jar
31-Jan-2025 00:28:13.772 INFO [main] java.lang.reflect.Method.invoke Command line argument: -Djava.util.logging.manager=org.apache.juli.ClassLoaderLogManager
31-Jan-2025 00:28:13.772 INFO [main] java.lang.reflect.Method.invoke Command line argument: -Djava.io.tmpdir=C:\Users\Esquilages\telajsf\meu-projeto-jsf\target\apache-tomee\temp
31-Jan-2025 00:28:13.772 INFO [main] java.lang.reflect.Method.invoke Command line argument: -Dcatalina.base=C:\Users\Esquilages\telajsf\meu-projeto-jsf\target\apache-tomee
31-Jan-2025 00:28:13.772 INFO [main] java.lang.reflect.Method.invoke Command line argument: -Dcatalina.home=C:\Users\Esquilages\telajsf\meu-projeto-jsf\target\apache-tomee
31-Jan-2025 00:28:13.772 INFO [main] java.lang.reflect.Method.invoke Command line argument: -Dcatalina.ext.dirs=C:\Users\Esquilages\telajsf\meu-projeto-jsf\target\apache-tomee\lib
31-Jan-2025 00:28:13.772 INFO [main] java.lang.reflect.Method.invoke Command line argument: -Dorg.apache.tomcat.util.http.ServerCookie.ALLOW_HTTP_SEPARATORS_IN_V0=true
31-Jan-2025 00:28:13.772 INFO [main] java.lang.reflect.Method.invoke Command line argument: -ea
31-Jan-2025 00:28:13.772 INFO [main] java.lang.reflect.Method.invoke Command line argument: --add-opens=java.base/java.lang=ALL-UNNAMED
31-Jan-2025 00:28:13.772 INFO [main] java.lang.reflect.Method.invoke Command line argument: --add-opens=java.base/java.io=ALL-UNNAMED
31-Jan-2025 00:28:13.772 INFO [main] java.lang.reflect.Method.invoke Command line argument: --add-opens=java.base/java.util=ALL-UNNAMED
31-Jan-2025 00:28:13.773 INFO [main] java.lang.reflect.Method.invoke Command line argument: --add-opens=java.base/java.util.concurrent=ALL-UNNAMED
31-Jan-2025 00:28:13.773 INFO [main] java.lang.reflect.Method.invoke Command line argument: --add-opens=java.rmi/sun.rmi.transport=ALL-UNNAMED
31-Jan-2025 00:28:13.773 INFO [main] java.lang.reflect.Method.invoke Command line argument: --add-opens=java.base/jdk.internal.loader=ALL-UNNAMED
31-Jan-2025 00:28:13.773 INFO [main] java.lang.reflect.Method.invoke Command line argument: --add-opens=java.base/java.net=ALL-UNNAMED
31-Jan-2025 00:28:13.794 INFO [main] java.lang.reflect.Method.invoke The Apache Tomcat Native library which allows using OpenSSL was not found on the java.library.path: [C:\Program Files\Java\jdk-23\bin;C:\Windows\Sun\Java\bin;C:\Windows\system32;C:\Windows;C:\Windows\system32;C:\Windows;C:\Windows\System32\Wbem;C:\Windows\System32\WindowsPowerShell\v1.0\;C:\Windows\System32\OpenSSH\;C:\Program Files\Git\cmd;C:\Program Files\Microsoft VS Code\bin;C:\Program Files\nodejs\;C:\Program Files\Apache\maven\bin;C:\Program Files\Java\jdk-23\bin;C:\Program Files\Elixir\bin;C:\Program Files\Erlang OTP\bin;C:\Users\Esquilages\AppData\Local\Microsoft\WindowsApps;C:\Program Files\JetBrains\IntelliJ IDEA Community Edition 2024.3.1.1\bin;C:\Users\Esquilages\AppData\Roaming\npm;C:\Users\Esquilages\AppData\Local\GitHubDesktop\bin;.]
31-Jan-2025 00:28:14.173 INFO [main] java.lang.reflect.Method.invoke Initializing ProtocolHandler ["http-nio-8080"]
31-Jan-2025 00:28:14.386 INFO [main] org.apache.openejb.util.OptionsLog.info Using 'tomee.remote.support=true'
31-Jan-2025 00:28:14.397 INFO [main] org.apache.openejb.util.OptionsLog.info Using 'openejb.jdbc.datasource-creator=org.apache.tomee.jdbc.TomEEDataSourceCreator'
31-Jan-2025 00:28:14.505 INFO [main] org.apache.openejb.OpenEJB$Instance.<init> ********************************************************************************
31-Jan-2025 00:28:14.505 INFO [main] org.apache.openejb.OpenEJB$Instance.<init> OpenEJB http://tomee.apache.org/
31-Jan-2025 00:28:14.505 INFO [main] org.apache.openejb.OpenEJB$Instance.<init> Startup: Fri Jan 31 00:28:14 GMT-03:00 2025
31-Jan-2025 00:28:14.505 INFO [main] org.apache.openejb.OpenEJB$Instance.<init> Copyright 1999-2024 (C) Apache TomEE Project, All Rights Reserved.
31-Jan-2025 00:28:14.505 INFO [main] org.apache.openejb.OpenEJB$Instance.<init> Version: 10.0.0
31-Jan-2025 00:28:14.505 INFO [main] org.apache.openejb.OpenEJB$Instance.<init> Build date: 20241216
31-Jan-2025 00:28:14.505 INFO [main] org.apache.openejb.OpenEJB$Instance.<init> Build time: 08:43
31-Jan-2025 00:28:14.505 INFO [main] org.apache.openejb.OpenEJB$Instance.<init> ********************************************************************************
31-Jan-2025 00:28:14.506 INFO [main] org.apache.openejb.OpenEJB$Instance.<init> openejb.home = C:\Users\Esquilages\telajsf\meu-projeto-jsf\target\apache-tomee
31-Jan-2025 00:28:14.506 INFO [main] org.apache.openejb.OpenEJB$Instance.<init> openejb.base = C:\Users\Esquilages\telajsf\meu-projeto-jsf\target\apache-tomee
31-Jan-2025 00:28:14.508 INFO [main] org.apache.openejb.cdi.CdiBuilder.initializeOWB Created new singletonService org.apache.openejb.cdi.ThreadSingletonServiceImpl@561868a0
31-Jan-2025 00:28:14.511 INFO [main] org.apache.openejb.cdi.CdiBuilder.initializeOWB Succeeded in installing singleton service
31-Jan-2025 00:28:14.539 INFO [main] org.apache.openejb.config.ConfigurationFactory.init TomEE configuration file is 'C:\Users\Esquilages\telajsf\meu-projeto-jsf\target\apache-tomee\conf\tomee.xml'
31-Jan-2025 00:28:14.585 INFO [main] org.apache.openejb.config.ConfigurationFactory.configureService Configuring Service(id=Tomcat Security Service, type=SecurityService, provider-id=Tomcat Security Service)
31-Jan-2025 00:28:14.588 INFO [main] org.apache.openejb.config.ConfigurationFactory.configureService Configuring Service(id=Default Transaction Manager, type=TransactionManager, provider-id=Default Transaction Manager)
31-Jan-2025 00:28:14.591 INFO [main] org.apache.openejb.util.OptionsLog.info Using 'openejb.system.apps=false'
31-Jan-2025 00:28:14.591 INFO [main] org.apache.openejb.util.OptionsLog.info Using 'openejb.deployments.classpath=false'
31-Jan-2025 00:28:14.594 INFO [main] org.apache.openejb.assembler.classic.Assembler.createRecipe Creating TransactionManager(id=Default Transaction Manager)
31-Jan-2025 00:28:14.662 INFO [main] org.apache.openejb.assembler.classic.Assembler.createRecipe Creating SecurityService(id=Tomcat Security Service)
31-Jan-2025 00:28:14.757 INFO [main] org.apache.openejb.server.ServiceManager.initServer Creating ServerService(id=cxf)
31-Jan-2025 00:28:14.993 INFO [main] org.apache.openejb.server.ServiceManager.initServer Creating ServerService(id=cxf-rs)
31-Jan-2025 00:28:15.046 INFO [main] org.apache.openejb.server.SimpleServiceManager.start   ** Bound Services **
31-Jan-2025 00:28:15.047 INFO [main] org.apache.openejb.server.SimpleServiceManager.printRow   NAME                 IP              PORT  
31-Jan-2025 00:28:15.047 INFO [main] org.apache.openejb.server.SimpleServiceManager.start -------
31-Jan-2025 00:28:15.047 INFO [main] org.apache.openejb.server.SimpleServiceManager.start Ready!
31-Jan-2025 00:28:15.047 INFO [main] java.lang.reflect.Method.invoke Server initialization in [1562] milliseconds
31-Jan-2025 00:28:15.084 INFO [main] org.apache.tomee.catalina.OpenEJBNamingContextListener.bindResource Importing a Tomcat Resource with id 'UserDatabase' of type 'org.apache.catalina.UserDatabase'.
31-Jan-2025 00:28:15.085 INFO [main] org.apache.openejb.assembler.classic.Assembler.createRecipe Creating Resource(id=UserDatabase)
31-Jan-2025 00:28:15.104 INFO [main] java.lang.reflect.Method.invoke Starting service [Catalina]
31-Jan-2025 00:28:15.104 INFO [main] java.lang.reflect.Method.invoke Starting Servlet engine: [Apache Tomcat (TomEE)/10.1.34 (10.0.0)]
31-Jan-2025 00:28:15.124 INFO [main] java.lang.reflect.Method.invoke Deploying web application archive [C:\Users\Esquilages\telajsf\meu-projeto-jsf\target\apache-tomee\webapps\meu-projeto-jsf-1.0.war]
31-Jan-2025 00:28:15.131 INFO [main] org.apache.tomee.catalina.TomcatWebAppBuilder.init ------------------------- localhost -> /meu-projeto-jsf-1.0
31-Jan-2025 00:28:15.134 INFO [main] org.apache.openejb.util.JarExtractor.extract Extracting jar: C:\Users\Esquilages\telajsf\meu-projeto-jsf\target\apache-tomee\webapps\meu-projeto-jsf-1.0.war
31-Jan-2025 00:28:15.304 INFO [main] org.apache.openejb.util.JarExtractor.extract Extracted path: C:\Users\Esquilages\telajsf\meu-projeto-jsf\target\apache-tomee\webapps\meu-projeto-jsf-1.0
31-Jan-2025 00:28:15.305 INFO [main] org.apache.openejb.util.OptionsLog.info Using 'openejb.session.manager=org.apache.tomee.catalina.session.QuickSessionManager'
31-Jan-2025 00:28:15.543 INFO [main] org.apache.openejb.config.ConfigurationFactory.configureApplication Configuring enterprise application: C:\Users\Esquilages\telajsf\meu-projeto-jsf\target\apache-tomee\webapps\meu-projeto-jsf-1.0
31-Jan-2025 00:28:15.619 INFO [main] org.apache.openejb.config.ConfigurationFactory.configureService Configuring Service(id=Default Managed Container, type=Container, provider-id=Default Managed Container)
31-Jan-2025 00:28:15.620 INFO [main] org.apache.openejb.config.AutoConfig.createContainer Auto-creating a container for bean meu-projeto-jsf-1.0.Comp645015141: Container(type=MANAGED, id=Default Managed Container)
31-Jan-2025 00:28:15.620 INFO [main] org.apache.openejb.assembler.classic.Assembler.createRecipe Creating Container(id=Default Managed Container)
31-Jan-2025 00:28:15.627 INFO [main] org.apache.openejb.core.managed.SimplePassivater.init Using directory C:\Users\Esquilages\telajsf\meu-projeto-jsf\target\apache-tomee\temp for stateful session passivation
31-Jan-2025 00:28:15.651 INFO [main] org.apache.openejb.config.AppInfoBuilder.build Enterprise application "C:\Users\Esquilages\telajsf\meu-projeto-jsf\target\apache-tomee\webapps\meu-projeto-jsf-1.0" loaded.
31-Jan-2025 00:28:15.671 INFO [main] org.apache.openejb.assembler.classic.Assembler.createApplication Assembling app: C:\Users\Esquilages\telajsf\meu-projeto-jsf\target\apache-tomee\webapps\meu-projeto-jsf-1.0
31-Jan-2025 00:28:15.735 INFO [main] org.apache.openejb.cdi.CdiBuilder.initSingleton Existing thread singleton service in SystemInstance(): org.apache.openejb.cdi.ThreadSingletonServiceImpl@561868a0
31-Jan-2025 00:28:15.812 INFO [main] org.apache.openejb.cdi.ManagedSecurityService.<init> Some Principal APIs could not be loaded: org.eclipse.microprofile.jwt.JsonWebToken out of org.eclipse.microprofile.jwt.JsonWebToken not found
31-Jan-2025 00:28:15.837 INFO [main] org.apache.openejb.cdi.OpenEJBLifecycle.startApplication OpenWebBeans Container is starting...
31-Jan-2025 00:28:15.844 INFO [main] org.apache.webbeans.plugins.PluginLoader.startUp Adding OpenWebBeansPlugin : [CdiPlugin]
31-Jan-2025 00:28:15.852 INFO [main] org.apache.openejb.cdi.CdiScanner.handleBda Using annotated mode for file:/C:/Users/Esquilages/telajsf/meu-projeto-jsf/target/apache-tomee/webapps/meu-projeto-jsf-1.0/WEB-INF/classes/ looking all classes to find CDI beans, maybe think to add a beans.xml if not there or add the jar to exclusions.list
31-Jan-2025 00:28:15.980 INFO [main] org.apache.openejb.util.OptionsLog.info Using 'tomee.mp.cdi.extensions=io.smallrye.config.inject.ConfigExtension,io.smallrye.faulttolerance.FaultToleranceExtension,io.smallrye.metrics.legacyapi.LegacyMetricsExtension,io.smallrye.opentelemetry.implementation.cdi.OpenTelemetryExtension,org.apache.cxf.microprofile.client.cdi.RestClientExtension,org.apache.tomee.microprofile.faulttolerance.MPFaultToleranceCDIExtension,org.apache.tomee.microprofile.health.MPHealthCDIExtension,org.apache.tomee.microprofile.jwt.cdi.MPJWTCDIExtension,org.apache.tomee.microprofile.opentelemetry.MPOpenTelemetryCDIExtension'
31-Jan-2025 00:28:15.980 INFO [main] org.apache.openejb.util.OptionsLog.info Using 'tomee.mp.cdi.extensions=io.smallrye.config.inject.ConfigExtension,io.smallrye.faulttolerance.FaultToleranceExtension,io.smallrye.metrics.legacyapi.LegacyMetricsExtension,io.smallrye.opentelemetry.implementation.cdi.OpenTelemetryExtension,org.apache.cxf.microprofile.client.cdi.RestClientExtension,org.apache.tomee.microprofile.faulttolerance.MPFaultToleranceCDIExtension,org.apache.tomee.microprofile.health.MPHealthCDIExtension,org.apache.tomee.microprofile.jwt.cdi.MPJWTCDIExtension,org.apache.tomee.microprofile.opentelemetry.MPOpenTelemetryCDIExtension'
31-Jan-2025 00:28:15.980 INFO [main] org.apache.openejb.util.OptionsLog.info Using 'tomee.mp.cdi.extensions=io.smallrye.config.inject.ConfigExtension,io.smallrye.faulttolerance.FaultToleranceExtension,io.smallrye.metrics.legacyapi.LegacyMetricsExtension,io.smallrye.opentelemetry.implementation.cdi.OpenTelemetryExtension,org.apache.cxf.microprofile.client.cdi.RestClientExtension,org.apache.tomee.microprofile.faulttolerance.MPFaultToleranceCDIExtension,org.apache.tomee.microprofile.health.MPHealthCDIExtension,org.apache.tomee.microprofile.jwt.cdi.MPJWTCDIExtension,org.apache.tomee.microprofile.opentelemetry.MPOpenTelemetryCDIExtension'
31-Jan-2025 00:28:15.980 INFO [main] org.apache.openejb.util.OptionsLog.info Using 'tomee.mp.cdi.extensions=io.smallrye.config.inject.ConfigExtension,io.smallrye.faulttolerance.FaultToleranceExtension,io.smallrye.metrics.legacyapi.LegacyMetricsExtension,io.smallrye.opentelemetry.implementation.cdi.OpenTelemetryExtension,org.apache.cxf.microprofile.client.cdi.RestClientExtension,org.apache.tomee.microprofile.faulttolerance.MPFaultToleranceCDIExtension,org.apache.tomee.microprofile.health.MPHealthCDIExtension,org.apache.tomee.microprofile.jwt.cdi.MPJWTCDIExtension,org.apache.tomee.microprofile.opentelemetry.MPOpenTelemetryCDIExtension'
31-Jan-2025 00:28:15.980 INFO [main] org.apache.openejb.util.OptionsLog.info Using 'tomee.mp.cdi.extensions=io.smallrye.config.inject.ConfigExtension,io.smallrye.faulttolerance.FaultToleranceExtension,io.smallrye.metrics.legacyapi.LegacyMetricsExtension,io.smallrye.opentelemetry.implementation.cdi.OpenTelemetryExtension,org.apache.cxf.microprofile.client.cdi.RestClientExtension,org.apache.tomee.microprofile.faulttolerance.MPFaultToleranceCDIExtension,org.apache.tomee.microprofile.health.MPHealthCDIExtension,org.apache.tomee.microprofile.jwt.cdi.MPJWTCDIExtension,org.apache.tomee.microprofile.opentelemetry.MPOpenTelemetryCDIExtension'
31-Jan-2025 00:28:15.980 INFO [main] org.apache.openejb.util.OptionsLog.info Using 'tomee.mp.cdi.extensions=io.smallrye.config.inject.ConfigExtension,io.smallrye.faulttolerance.FaultToleranceExtension,io.smallrye.metrics.legacyapi.LegacyMetricsExtension,io.smallrye.opentelemetry.implementation.cdi.OpenTelemetryExtension,org.apache.cxf.microprofile.client.cdi.RestClientExtension,org.apache.tomee.microprofile.faulttolerance.MPFaultToleranceCDIExtension,org.apache.tomee.microprofile.health.MPHealthCDIExtension,org.apache.tomee.microprofile.jwt.cdi.MPJWTCDIExtension,org.apache.tomee.microprofile.opentelemetry.MPOpenTelemetryCDIExtension'
31-Jan-2025 00:28:15.981 INFO [main] org.apache.openejb.util.OptionsLog.info Using 'tomee.mp.cdi.extensions=io.smallrye.config.inject.ConfigExtension,io.smallrye.faulttolerance.FaultToleranceExtension,io.smallrye.metrics.legacyapi.LegacyMetricsExtension,io.smallrye.opentelemetry.implementation.cdi.OpenTelemetryExtension,org.apache.cxf.microprofile.client.cdi.RestClientExtension,org.apache.tomee.microprofile.faulttolerance.MPFaultToleranceCDIExtension,org.apache.tomee.microprofile.health.MPHealthCDIExtension,org.apache.tomee.microprofile.jwt.cdi.MPJWTCDIExtension,org.apache.tomee.microprofile.opentelemetry.MPOpenTelemetryCDIExtension'
31-Jan-2025 00:28:15.981 INFO [main] org.apache.openejb.util.OptionsLog.info Using 'tomee.mp.cdi.extensions=io.smallrye.config.inject.ConfigExtension,io.smallrye.faulttolerance.FaultToleranceExtension,io.smallrye.metrics.legacyapi.LegacyMetricsExtension,io.smallrye.opentelemetry.implementation.cdi.OpenTelemetryExtension,org.apache.cxf.microprofile.client.cdi.RestClientExtension,org.apache.tomee.microprofile.faulttolerance.MPFaultToleranceCDIExtension,org.apache.tomee.microprofile.health.MPHealthCDIExtension,org.apache.tomee.microprofile.jwt.cdi.MPJWTCDIExtension,org.apache.tomee.microprofile.opentelemetry.MPOpenTelemetryCDIExtension'
31-Jan-2025 00:28:15.981 INFO [main] org.apache.openejb.util.OptionsLog.info Using 'tomee.mp.cdi.extensions=io.smallrye.config.inject.ConfigExtension,io.smallrye.faulttolerance.FaultToleranceExtension,io.smallrye.metrics.legacyapi.LegacyMetricsExtension,io.smallrye.opentelemetry.implementation.cdi.OpenTelemetryExtension,org.apache.cxf.microprofile.client.cdi.RestClientExtension,org.apache.tomee.microprofile.faulttolerance.MPFaultToleranceCDIExtension,org.apache.tomee.microprofile.health.MPHealthCDIExtension,org.apache.tomee.microprofile.jwt.cdi.MPJWTCDIExtension,org.apache.tomee.microprofile.opentelemetry.MPOpenTelemetryCDIExtension'
31-Jan-2025 00:28:15.981 INFO [main] org.apache.openejb.util.OptionsLog.info Using 'tomee.mp.cdi.extensions=io.smallrye.config.inject.ConfigExtension,io.smallrye.faulttolerance.FaultToleranceExtension,io.smallrye.metrics.legacyapi.LegacyMetricsExtension,io.smallrye.opentelemetry.implementation.cdi.OpenTelemetryExtension,org.apache.cxf.microprofile.client.cdi.RestClientExtension,org.apache.tomee.microprofile.faulttolerance.MPFaultToleranceCDIExtension,org.apache.tomee.microprofile.health.MPHealthCDIExtension,org.apache.tomee.microprofile.jwt.cdi.MPJWTCDIExtension,org.apache.tomee.microprofile.opentelemetry.MPOpenTelemetryCDIExtension'
31-Jan-2025 00:28:15.981 INFO [main] org.apache.openejb.util.OptionsLog.info Using 'tomee.mp.cdi.extensions=io.smallrye.config.inject.ConfigExtension,io.smallrye.faulttolerance.FaultToleranceExtension,io.smallrye.metrics.legacyapi.LegacyMetricsExtension,io.smallrye.opentelemetry.implementation.cdi.OpenTelemetryExtension,org.apache.cxf.microprofile.client.cdi.RestClientExtension,org.apache.tomee.microprofile.faulttolerance.MPFaultToleranceCDIExtension,org.apache.tomee.microprofile.health.MPHealthCDIExtension,org.apache.tomee.microprofile.jwt.cdi.MPJWTCDIExtension,org.apache.tomee.microprofile.opentelemetry.MPOpenTelemetryCDIExtension'
31-Jan-2025 00:28:15.981 INFO [main] org.apache.openejb.util.OptionsLog.info Using 'tomee.mp.cdi.extensions=io.smallrye.config.inject.ConfigExtension,io.smallrye.faulttolerance.FaultToleranceExtension,io.smallrye.metrics.legacyapi.LegacyMetricsExtension,io.smallrye.opentelemetry.implementation.cdi.OpenTelemetryExtension,org.apache.cxf.microprofile.client.cdi.RestClientExtension,org.apache.tomee.microprofile.faulttolerance.MPFaultToleranceCDIExtension,org.apache.tomee.microprofile.health.MPHealthCDIExtension,org.apache.tomee.microprofile.jwt.cdi.MPJWTCDIExtension,org.apache.tomee.microprofile.opentelemetry.MPOpenTelemetryCDIExtension'
31-Jan-2025 00:28:15.981 INFO [main] org.apache.openejb.util.OptionsLog.info Using 'tomee.mp.cdi.extensions=io.smallrye.config.inject.ConfigExtension,io.smallrye.faulttolerance.FaultToleranceExtension,io.smallrye.metrics.legacyapi.LegacyMetricsExtension,io.smallrye.opentelemetry.implementation.cdi.OpenTelemetryExtension,org.apache.cxf.microprofile.client.cdi.RestClientExtension,org.apache.tomee.microprofile.faulttolerance.MPFaultToleranceCDIExtension,org.apache.tomee.microprofile.health.MPHealthCDIExtension,org.apache.tomee.microprofile.jwt.cdi.MPJWTCDIExtension,org.apache.tomee.microprofile.opentelemetry.MPOpenTelemetryCDIExtension'
31-Jan-2025 00:28:15.981 INFO [main] org.apache.openejb.util.OptionsLog.info Using 'tomee.mp.cdi.extensions=io.smallrye.config.inject.ConfigExtension,io.smallrye.faulttolerance.FaultToleranceExtension,io.smallrye.metrics.legacyapi.LegacyMetricsExtension,io.smallrye.opentelemetry.implementation.cdi.OpenTelemetryExtension,org.apache.cxf.microprofile.client.cdi.RestClientExtension,org.apache.tomee.microprofile.faulttolerance.MPFaultToleranceCDIExtension,org.apache.tomee.microprofile.health.MPHealthCDIExtension,org.apache.tomee.microprofile.jwt.cdi.MPJWTCDIExtension,org.apache.tomee.microprofile.opentelemetry.MPOpenTelemetryCDIExtension'
31-Jan-2025 00:28:15.982 INFO [main] org.apache.openejb.util.OptionsLog.info Using 'tomee.mp.cdi.extensions=io.smallrye.config.inject.ConfigExtension,io.smallrye.faulttolerance.FaultToleranceExtension,io.smallrye.metrics.legacyapi.LegacyMetricsExtension,io.smallrye.opentelemetry.implementation.cdi.OpenTelemetryExtension,org.apache.cxf.microprofile.client.cdi.RestClientExtension,org.apache.tomee.microprofile.faulttolerance.MPFaultToleranceCDIExtension,org.apache.tomee.microprofile.health.MPHealthCDIExtension,org.apache.tomee.microprofile.jwt.cdi.MPJWTCDIExtension,org.apache.tomee.microprofile.opentelemetry.MPOpenTelemetryCDIExtension'
31-Jan-2025 00:28:16.278 INFO [main] org.apache.webbeans.config.BeansDeployer.validateInjectionPoints All injection points were validated successfully.
31-Jan-2025 00:28:16.294 INFO [main] org.apache.openejb.cdi.OpenEJBLifecycle.startApplication OpenWebBeans Container has started, it took 456 ms.
31-Jan-2025 00:28:16.297 INFO [main] org.apache.openejb.assembler.classic.ValidatorBuilder.getConfig Ignoring XML Configuration for validator org.apache.bval.jsr.ConfigurationImpl
31-Jan-2025 00:28:16.327 INFO [main] org.apache.openejb.assembler.classic.Assembler.createApplication Deployed Application(path=C:\Users\Esquilages\telajsf\meu-projeto-jsf\target\apache-tomee\webapps\meu-projeto-jsf-1.0)
31-Jan-2025 00:28:16.468 INFO [main] org.apache.myfaces.webapp.MyFacesContainerInitializer.onStartup Using org.apache.myfaces.webapp.MyFacesContainerInitializer
31-Jan-2025 00:28:16.503 INFO [main] org.apache.jasper.servlet.TldScanner.scanJars At least one JAR was scanned for TLDs yet contained no TLDs. Enable debug logging for this logger for a complete list of JARs that were scanned but no TLDs were found in them. Skipping unneeded JARs during scanning can improve startup time and JSP compilation time.
31-Jan-2025 00:28:16.510 INFO [main] org.apache.tomee.myfaces.TomEEMyFacesContainerInitializer.addListener Installing <listener>org.apache.myfaces.webapp.StartupServletContextListener</listener>
31-Jan-2025 00:28:16.705 INFO [main] org.apache.myfaces.config.DefaultFacesConfigurationProvider.getWebAppFacesConfig Reading config /WEB-INF/faces-config.xml
31-Jan-2025 00:28:16.874 INFO [main] org.apache.myfaces.util.ExternalSpecifications.lambda$static$1 MyFaces Core CDI support enabled
31-Jan-2025 00:28:16.925 INFO [main] org.apache.myfaces.util.ExternalSpecifications.lambda$static$0 MyFaces Core Bean Validation support enabled
31-Jan-2025 00:28:16.986 INFO [main] org.apache.myfaces.application.ApplicationImpl.getProjectStage Couldn't discover the current project stage, using Production
31-Jan-2025 00:28:17.021 INFO [main] org.apache.myfaces.webapp.FacesInitializerImpl.initFaces MyFaces Core has started, it took [502] ms.
31-Jan-2025 00:28:17.086 INFO [main] java.lang.reflect.Method.invoke Deployment of web application archive [C:\Users\Esquilages\telajsf\meu-projeto-jsf\target\apache-tomee\webapps\meu-projeto-jsf-1.0.war] has finished in [1.962] ms
31-Jan-2025 00:28:17.102 INFO [main] java.lang.reflect.Method.invoke Starting ProtocolHandler ["http-nio-8080"]
31-Jan-2025 00:28:17.117 INFO [main] java.lang.reflect.Method.invoke Server startup in [2069] milliseconds
31-Jan-2025 00:28:23.211 INFO [http-nio-8080-exec-9] org.apache.myfaces.util.ExternalSpecifications.lambda$static$2 MyFaces Core Servlet 6.0 support enabled
31-Jan-2025 00:28:23.310 INFO [http-nio-8080-exec-9] org.apache.myfaces.el.ELResolverBuilder.sortELResolvers Chain of EL resolvers: [org.apache.myfaces.el.resolver.implicitobject.ImplicitObjectResolver@7e3d66e5, org.apache.webbeans.el22.WebBeansELResolver@43ec0b8b, org.apache.myfaces.el.resolver.CompositeComponentELResolver@27e7875, org.apache.myfaces.el.resolver.FlashELResolver@2f25ce9d, org.apache.myfaces.el.resolver.ResourceResolver@3aba9fd2, jakarta.el.ResourceBundleELResolver@19a97b5d, org.apache.myfaces.el.resolver.ResourceBundleResolver@68e505cd, org.apache.myfaces.el.resolver.ImportConstantsELResolver@69357f6a, org.apache.el.stream.StreamELResolverImpl@79f2991, jakarta.el.StaticFieldELResolver@553ec9ac, jakarta.el.MapELResolver@15b575ab, jakarta.el.ListELResolver@57398658, jakarta.el.ArrayELResolver@2914ee8f, jakarta.el.BeanELResolver@a4431a8]
31-Jan-2025 05:55:02.601 INFO [main] java.lang.reflect.Method.invoke A valid shutdown command was received via the shutdown port. Stopping the Server instance.
31-Jan-2025 05:55:02.602 INFO [main] java.lang.reflect.Method.invoke Pausing ProtocolHandler ["http-nio-8080"]
31-Jan-2025 05:55:02.606 INFO [main] java.lang.reflect.Method.invoke Stopping service [Catalina]
31-Jan-2025 05:55:02.624 INFO [main] org.apache.openejb.assembler.classic.Assembler.destroyApplication Undeploying app: C:\Users\Esquilages\telajsf\meu-projeto-jsf\target\apache-tomee\webapps\meu-projeto-jsf-1.0
31-Jan-2025 05:55:02.664 INFO [main] java.lang.reflect.Method.invoke Stopping ProtocolHandler ["http-nio-8080"]
31-Jan-2025 05:55:02.672 INFO [main] org.apache.openejb.server.SimpleServiceManager.stop Stopping server services
31-Jan-2025 05:55:02.683 INFO [main] java.lang.reflect.Method.invoke Destroying ProtocolHandler ["http-nio-8080"]
